<?xml version="1.0" encoding="UTF-8"?>
<!-- Generated by org.testng.reporters.JUnitXMLReporter -->
<testsuite ignored="0" hostname="DESKTOP-DO4RSNU" failures="0" tests="9" name="Test" time="61.548" errors="0" timestamp="19 Nov 2022 05:35:13 GMT">
  <testcase classname="com.tdc.lms.testcases.MyCartPageTest2" name="login" time="7.646"/>
  <testcase classname="com.tdc.lms.testcases.MyCartPageTest2" name="clickCourses" time="3.62"/>
  <testcase classname="com.tdc.lms.testcases.MyCartPageTest2" name="courseIteration" time="0.002"/>
  <testcase classname="com.tdc.lms.testcases.MyCartPageTest2" name="selectCourseByName" time="0.049"/>
  <testcase classname="com.tdc.lms.testcases.MyCartPageTest2" name="addToCart" time="9.649"/>
  <testcase classname="com.tdc.lms.testcases.MyCartPageTest2" name="clickOnPopUp" time="0.145"/>
  <testcase classname="com.tdc.lms.testcases.MyCartPageTest2" name="clickCheckout" time="3.179"/>
  <testcase classname="com.tdc.lms.testcases.MyCartPageTest2" name="fillBillingDetails" time="25.94"/>
  <testcase classname="com.tdc.lms.testcases.MyCartPageTest2" name="proceedPayment" time="5.207"/>
</testsuite> <!-- Test -->
