<?xml version="1.0" encoding="UTF-8"?>
<!-- Generated by org.testng.reporters.JUnitXMLReporter -->
<testsuite ignored="4" hostname="DESKTOP-DO4RSNU" failures="1" tests="5" name="TDC AUTOMATION TEST" time="38.623" errors="0" timestamp="20 Nov 2022 01:04:19 GMT">
  <testcase classname="com.tdc.lms.testcases.LoginPageTest" name="invalidEmail" time="4.129">
    <failure type="java.lang.AssertionError" message="expected [There is no user record corresponding to this identifier.The user may have been deleted. (auth/user-not-found).] but found [There is no user record corresponding to this identifier. The user may have been deleted. (auth/user-not-found).]">
      <![CDATA[java.lang.AssertionError: expected [There is no user record corresponding to this identifier.The user may have been deleted. (auth/user-not-found).] but found [There is no user record corresponding to this identifier. The user may have been deleted. (auth/user-not-found).]
at com.tdc.lms.testcases.LoginPageTest.invalidEmail(LoginPageTest.java:26)
at java.base/java.util.concurrent.FutureTask.run(FutureTask.java:317)
at java.base/java.util.concurrent.ThreadPoolExecutor.runWorker(ThreadPoolExecutor.java:1144)
at java.base/java.util.concurrent.ThreadPoolExecutor$Worker.run(ThreadPoolExecutor.java:642)
at java.base/java.lang.Thread.run(Thread.java:1589)
... Removed 20 stack frames]]>
    </failure>
  </testcase> <!-- invalidEmail -->
  <testcase classname="com.tdc.lms.testcases.LoginPageTest" name="login" time="4.419"/>
  <testcase classname="com.tdc.lms.testcases.MyProfilePageTest" name="goToMyCourses" time="4.362"/>
  <testcase classname="com.tdc.lms.testcases.MyProfilePageTest" name="goToBookmarkedArticles" time="4.216"/>
  <testcase classname="com.tdc.lms.testcases.LogoutPageTest" name="logOut" time="3.862"/>
  <testcase classname="com.tdc.lms.base.BaseTests" name="@BeforeTest initializeDriver" time="0.0">
    <ignored/>
  </testcase> <!-- @BeforeTest initializeDriver -->
  <testcase classname="com.tdc.lms.base.BaseTests" name="@BeforeTest initializeDriver" time="0.0">
    <ignored/>
  </testcase> <!-- @BeforeTest initializeDriver -->
  <testcase classname="com.tdc.lms.base.BaseTests" name="@AfterTest tearDown" time="0.0">
    <ignored/>
  </testcase> <!-- @AfterTest tearDown -->
  <testcase classname="com.tdc.lms.base.BaseTests" name="@AfterTest tearDown" time="0.0">
    <ignored/>
  </testcase> <!-- @AfterTest tearDown -->
</testsuite> <!-- TDC AUTOMATION TEST -->
